2019-09-28 11:56:47.569  INFO 16860 --- [restartedMain] l.m.community.CommunityApplication       : Starting CommunityApplication on zhaoguangxin with PID 16860 (D:\IDEAwork\community\target\classes started by 赵光鑫 in D:\IDEAwork\community)
2019-09-28 11:56:47.571  INFO 16860 --- [restartedMain] l.m.community.CommunityApplication       : No active profile set, falling back to default profiles: default
2019-09-28 11:56:47.608  INFO 16860 --- [restartedMain] .e.DevToolsPropertyDefaultsPostProcessor : Devtools property defaults active! Set 'spring.devtools.add-properties' to 'false' to disable
2019-09-28 11:56:47.609  INFO 16860 --- [restartedMain] .e.DevToolsPropertyDefaultsPostProcessor : For additional web related logging consider setting the 'logging.level.web' property to 'DEBUG'
2019-09-28 11:56:48.808  INFO 16860 --- [restartedMain] .s.d.r.c.RepositoryConfigurationDelegate : Bootstrapping Spring Data repositories in DEFAULT mode.
2019-09-28 11:56:48.890  INFO 16860 --- [restartedMain] .s.d.r.c.RepositoryConfigurationDelegate : Finished Spring Data repository scanning in 73ms. Found 4 repository interfaces.
2019-09-28 11:56:49.041  WARN 16860 --- [restartedMain] o.m.s.mapper.ClassPathMapperScanner      : No MyBatis mapper was found in '[life.majiang.community]' package. Please check your configuration.
2019-09-28 11:56:49.304  INFO 16860 --- [restartedMain] trationDelegate$BeanPostProcessorChecker : Bean 'org.springframework.transaction.annotation.ProxyTransactionManagementConfiguration' of type [org.springframework.transaction.annotation.ProxyTransactionManagementConfiguration$$EnhancerBySpringCGLIB$$fed598de] is not eligible for getting processed by all BeanPostProcessors (for example: not eligible for auto-proxying)
2019-09-28 11:56:49.620  INFO 16860 --- [restartedMain] o.s.b.w.embedded.tomcat.TomcatWebServer  : Tomcat initialized with port(s): 8080 (http)
2019-09-28 11:56:49.638  INFO 16860 --- [restartedMain] o.apache.catalina.core.StandardService   : Starting service [Tomcat]
2019-09-28 11:56:49.639  INFO 16860 --- [restartedMain] org.apache.catalina.core.StandardEngine  : Starting Servlet engine: [Apache Tomcat/9.0.22]
2019-09-28 11:56:49.750  INFO 16860 --- [restartedMain] o.a.c.c.C.[Tomcat].[localhost].[/]       : Initializing Spring embedded WebApplicationContext
2019-09-28 11:56:49.751  INFO 16860 --- [restartedMain] o.s.web.context.ContextLoader            : Root WebApplicationContext: initialization completed in 2141 ms
2019-09-28 11:56:49.816  INFO 16860 --- [restartedMain] c.a.d.s.b.a.DruidDataSourceAutoConfigure : Init DruidDataSource
2019-09-28 11:56:50.152  INFO 16860 --- [restartedMain] com.alibaba.druid.pool.DruidDataSource   : {dataSource-1} inited
2019-09-28 11:56:50.257  INFO 16860 --- [restartedMain] o.hibernate.jpa.internal.util.LogHelper  : HHH000204: Processing PersistenceUnitInfo [
	name: default
	...]
2019-09-28 11:56:50.318  INFO 16860 --- [restartedMain] org.hibernate.Version                    : HHH000412: Hibernate Core {5.3.10.Final}
2019-09-28 11:56:50.319  INFO 16860 --- [restartedMain] org.hibernate.cfg.Environment            : HHH000206: hibernate.properties not found
2019-09-28 11:56:50.441  INFO 16860 --- [restartedMain] o.hibernate.annotations.common.Version   : HCANN000001: Hibernate Commons Annotations {5.0.4.Final}
2019-09-28 11:56:50.591  INFO 16860 --- [restartedMain] org.hibernate.dialect.Dialect            : HHH000400: Using dialect: org.hibernate.dialect.MySQL5Dialect
2019-09-28 11:56:51.199  INFO 16860 --- [restartedMain] j.LocalContainerEntityManagerFactoryBean : Initialized JPA EntityManagerFactory for persistence unit 'default'
2019-09-28 11:56:51.236  INFO 16860 --- [restartedMain] o.s.b.d.a.OptionalLiveReloadServer       : LiveReload server is running on port 35729
2019-09-28 11:56:51.544  INFO 16860 --- [restartedMain] o.h.h.i.QueryTranslatorFactoryInitiator  : HHH000397: Using ASTQueryTranslatorFactory
2019-09-28 11:56:51.865  INFO 16860 --- [restartedMain] o.s.s.concurrent.ThreadPoolTaskExecutor  : Initializing ExecutorService 'applicationTaskExecutor'
2019-09-28 11:56:51.899  WARN 16860 --- [restartedMain] aWebConfiguration$JpaWebMvcConfiguration : spring.jpa.open-in-view is enabled by default. Therefore, database queries may be performed during view rendering. Explicitly configure spring.jpa.open-in-view to disable this warning
2019-09-28 11:56:51.930  INFO 16860 --- [restartedMain] o.s.b.a.w.s.WelcomePageHandlerMapping    : Adding welcome page template: index
2019-09-28 11:56:52.241  INFO 16860 --- [restartedMain] o.s.b.w.embedded.tomcat.TomcatWebServer  : Tomcat started on port(s): 8080 (http) with context path ''
2019-09-28 11:56:52.244  INFO 16860 --- [restartedMain] l.m.community.CommunityApplication       : Started CommunityApplication in 5.239 seconds (JVM running for 10.947)
2019-09-28 11:57:19.441  INFO 16860 --- [http-nio-8080-exec-1] o.a.c.c.C.[Tomcat].[localhost].[/]       : Initializing Spring DispatcherServlet 'dispatcherServlet'
2019-09-28 11:57:19.442  INFO 16860 --- [http-nio-8080-exec-1] o.s.web.servlet.DispatcherServlet        : Initializing Servlet 'dispatcherServlet'
2019-09-28 11:57:19.454  INFO 16860 --- [http-nio-8080-exec-1] o.s.web.servlet.DispatcherServlet        : Completed initialization in 12 ms
